Start testing: Jan 17 13:07 UTC
----------------------------------------------------------
23/166 Testing: t_byte_stream_construction
23/166 Test: t_byte_stream_construction
Command: "/home/cs144/networking/tests/byte_stream_construction"
Directory: /home/cs144/networking
"t_byte_stream_construction" start time: Jan 17 13:07 UTC
Output:
----------------------------------------------------------
/home/cs144/networking/tests/byte_stream_construction: 1: Syntax error: ")" unexpected
<end of output>
Test time =   0.00 sec
----------------------------------------------------------
Test Failed.
"t_byte_stream_construction" end time: Jan 17 13:07 UTC
"t_byte_stream_construction" time elapsed: 00:00:00
----------------------------------------------------------

24/166 Testing: t_byte_stream_one_write
24/166 Test: t_byte_stream_one_write
Command: "/home/cs144/networking/tests/byte_stream_one_write"
Directory: /home/cs144/networking
"t_byte_stream_one_write" start time: Jan 17 13:07 UTC
Output:
----------------------------------------------------------
/home/cs144/networking/tests/byte_stream_one_write: 1: Syntax error: ")" unexpected
<end of output>
Test time =   0.00 sec
----------------------------------------------------------
Test Failed.
"t_byte_stream_one_write" end time: Jan 17 13:07 UTC
"t_byte_stream_one_write" time elapsed: 00:00:00
----------------------------------------------------------

25/166 Testing: t_byte_stream_two_writes
25/166 Test: t_byte_stream_two_writes
Command: "/home/cs144/networking/tests/byte_stream_two_writes"
Directory: /home/cs144/networking
"t_byte_stream_two_writes" start time: Jan 17 13:07 UTC
Output:
----------------------------------------------------------
/home/cs144/networking/tests/byte_stream_two_writes: 1: Syntax error: ")" unexpected
<end of output>
Test time =   0.00 sec
----------------------------------------------------------
Test Failed.
"t_byte_stream_two_writes" end time: Jan 17 13:07 UTC
"t_byte_stream_two_writes" time elapsed: 00:00:00
----------------------------------------------------------

26/166 Testing: t_byte_stream_capacity
26/166 Test: t_byte_stream_capacity
Command: "/home/cs144/networking/tests/byte_stream_capacity"
Directory: /home/cs144/networking
"t_byte_stream_capacity" start time: Jan 17 13:07 UTC
Output:
----------------------------------------------------------
/home/cs144/networking/tests/byte_stream_capacity: 1: Syntax error: ")" unexpected
<end of output>
Test time =   0.00 sec
----------------------------------------------------------
Test Failed.
"t_byte_stream_capacity" end time: Jan 17 13:07 UTC
"t_byte_stream_capacity" time elapsed: 00:00:00
----------------------------------------------------------

27/166 Testing: t_byte_stream_many_writes
27/166 Test: t_byte_stream_many_writes
Command: "/home/cs144/networking/tests/byte_stream_many_writes"
Directory: /home/cs144/networking
"t_byte_stream_many_writes" start time: Jan 17 13:07 UTC
Output:
----------------------------------------------------------
/home/cs144/networking/tests/byte_stream_many_writes: 3: Syntax error: Unterminated quoted string
<end of output>
Test time =   0.00 sec
----------------------------------------------------------
Test Failed.
"t_byte_stream_many_writes" end time: Jan 17 13:07 UTC
"t_byte_stream_many_writes" time elapsed: 00:00:00
----------------------------------------------------------

28/166 Testing: t_webget
28/166 Test: t_webget
Command: "/home/cs144/networking/tests/webget_t.sh"
Directory: /home/cs144/networking
"t_webget" start time: Jan 17 13:07 UTC
Output:
----------------------------------------------------------
/home/cs144/networking/tests/webget_t.sh: line 3: ./apps/webget: cannot execute binary file: Exec format error
ERROR: webget returned output that did not match the test's expectations
<end of output>
Test time =   0.00 sec
----------------------------------------------------------
Test Failed.
"t_webget" end time: Jan 17 13:07 UTC
"t_webget" time elapsed: 00:00:00
----------------------------------------------------------

50/166 Testing: t_address_dt
50/166 Test: t_address_dt
Command: "/home/cs144/networking/doctests/address_dt"
Directory: /home/cs144/networking
"t_address_dt" start time: Jan 17 13:07 UTC
Output:
----------------------------------------------------------
/home/cs144/networking/doctests/address_dt: 1: Syntax error: ")" unexpected
<end of output>
Test time =   0.00 sec
----------------------------------------------------------
Test Failed.
"t_address_dt" end time: Jan 17 13:07 UTC
"t_address_dt" time elapsed: 00:00:00
----------------------------------------------------------

51/166 Testing: t_parser_dt
51/166 Test: t_parser_dt
Command: "/home/cs144/networking/doctests/parser_dt"
Directory: /home/cs144/networking
"t_parser_dt" start time: Jan 17 13:07 UTC
Output:
----------------------------------------------------------
/home/cs144/networking/doctests/parser_dt: 2: ∏å∏å888: not found
/home/cs144/networking/doctests/parser_dt: 2: VGNUC$: not found
/home/cs144/networking/doctests/parser_dt: 1: 3@†: not found
/home/cs144/networking/doctests/parser_dt: 2: @8@: not found
/home/cs144/networking/doctests/parser_dt: 1: ELF: not found
/home/cs144/networking/doctests/parser_dt: 3: fÅÇLêÄ: not found
/home/cs144/networking/doctests/parser_dt: 5: Syntax error: newline unexpected
<end of output>
Test time =   0.00 sec
----------------------------------------------------------
Test Failed.
"t_parser_dt" end time: Jan 17 13:07 UTC
"t_parser_dt" time elapsed: 00:00:00
----------------------------------------------------------

52/166 Testing: t_socket_dt
52/166 Test: t_socket_dt
Command: "/home/cs144/networking/doctests/socket_dt"
Directory: /home/cs144/networking
"t_socket_dt" start time: Jan 17 13:07 UTC
Output:
----------------------------------------------------------
/home/cs144/networking/doctests/socket_dt: 3: Syntax error: "(" unexpected
<end of output>
Test time =   0.00 sec
----------------------------------------------------------
Test Failed.
"t_socket_dt" end time: Jan 17 13:07 UTC
"t_socket_dt" time elapsed: 00:00:00
----------------------------------------------------------

End testing: Jan 17 13:07 UTC
