Start testing: Jan 04 19:57 CST
----------------------------------------------------------
23/166 Testing: t_byte_stream_construction
23/166 Test: t_byte_stream_construction
Command: "/root/cs144/CS144-Computer-Network/tests/byte_stream_construction"
Directory: /root/cs144/CS144-Computer-Network
"t_byte_stream_construction" start time: Jan 04 19:57 CST
Output:
----------------------------------------------------------
<end of output>
Test time =   0.00 sec
----------------------------------------------------------
Test Passed.
"t_byte_stream_construction" end time: Jan 04 19:57 CST
"t_byte_stream_construction" time elapsed: 00:00:00
----------------------------------------------------------

24/166 Testing: t_byte_stream_one_write
24/166 Test: t_byte_stream_one_write
Command: "/root/cs144/CS144-Computer-Network/tests/byte_stream_one_write"
Directory: /root/cs144/CS144-Computer-Network
"t_byte_stream_one_write" start time: Jan 04 19:57 CST
Output:
----------------------------------------------------------
<end of output>
Test time =   0.01 sec
----------------------------------------------------------
Test Passed.
"t_byte_stream_one_write" end time: Jan 04 19:57 CST
"t_byte_stream_one_write" time elapsed: 00:00:00
----------------------------------------------------------

25/166 Testing: t_byte_stream_two_writes
25/166 Test: t_byte_stream_two_writes
Command: "/root/cs144/CS144-Computer-Network/tests/byte_stream_two_writes"
Directory: /root/cs144/CS144-Computer-Network
"t_byte_stream_two_writes" start time: Jan 04 19:57 CST
Output:
----------------------------------------------------------
<end of output>
Test time =   0.00 sec
----------------------------------------------------------
Test Passed.
"t_byte_stream_two_writes" end time: Jan 04 19:57 CST
"t_byte_stream_two_writes" time elapsed: 00:00:00
----------------------------------------------------------

26/166 Testing: t_byte_stream_capacity
26/166 Test: t_byte_stream_capacity
Command: "/root/cs144/CS144-Computer-Network/tests/byte_stream_capacity"
Directory: /root/cs144/CS144-Computer-Network
"t_byte_stream_capacity" start time: Jan 04 19:57 CST
Output:
----------------------------------------------------------
<end of output>
Test time =   0.48 sec
----------------------------------------------------------
Test Passed.
"t_byte_stream_capacity" end time: Jan 04 19:57 CST
"t_byte_stream_capacity" time elapsed: 00:00:00
----------------------------------------------------------

27/166 Testing: t_byte_stream_many_writes
27/166 Test: t_byte_stream_many_writes
Command: "/root/cs144/CS144-Computer-Network/tests/byte_stream_many_writes"
Directory: /root/cs144/CS144-Computer-Network
"t_byte_stream_many_writes" start time: Jan 04 19:57 CST
Output:
----------------------------------------------------------
<end of output>
Test time =   0.01 sec
----------------------------------------------------------
Test Passed.
"t_byte_stream_many_writes" end time: Jan 04 19:57 CST
"t_byte_stream_many_writes" time elapsed: 00:00:00
----------------------------------------------------------

28/166 Testing: t_webget
28/166 Test: t_webget
Command: "/root/cs144/CS144-Computer-Network/tests/webget_t.sh"
Directory: /root/cs144/CS144-Computer-Network
"t_webget" start time: Jan 04 19:57 CST
Output:
----------------------------------------------------------
Function called: get_URL(HTTP/1.1 200 OK
Content-type: text/plain

7SmXqWkrLKzVBCEalbSPqBcvs11Pw263K7x4Wv3JckI
cs144.keithw.org, /nph-hasher/xyzzy).
Warning: get_URL() has not been implemented yet.
<end of output>
Test time =   1.70 sec
----------------------------------------------------------
Test Passed.
"t_webget" end time: Jan 04 19:57 CST
"t_webget" time elapsed: 00:00:01
----------------------------------------------------------

50/166 Testing: t_address_dt
50/166 Test: t_address_dt
Command: "/root/cs144/CS144-Computer-Network/doctests/address_dt"
Directory: /root/cs144/CS144-Computer-Network
"t_address_dt" start time: Jan 04 19:57 CST
Output:
----------------------------------------------------------
<end of output>
Test time =   0.04 sec
----------------------------------------------------------
Test Passed.
"t_address_dt" end time: Jan 04 19:57 CST
"t_address_dt" time elapsed: 00:00:00
----------------------------------------------------------

51/166 Testing: t_parser_dt
51/166 Test: t_parser_dt
Command: "/root/cs144/CS144-Computer-Network/doctests/parser_dt"
Directory: /root/cs144/CS144-Computer-Network
"t_parser_dt" start time: Jan 04 19:57 CST
Output:
----------------------------------------------------------
<end of output>
Test time =   0.00 sec
----------------------------------------------------------
Test Passed.
"t_parser_dt" end time: Jan 04 19:57 CST
"t_parser_dt" time elapsed: 00:00:00
----------------------------------------------------------

52/166 Testing: t_socket_dt
52/166 Test: t_socket_dt
Command: "/root/cs144/CS144-Computer-Network/doctests/socket_dt"
Directory: /root/cs144/CS144-Computer-Network
"t_socket_dt" start time: Jan 04 19:57 CST
Output:
----------------------------------------------------------
<end of output>
Test time =   0.02 sec
----------------------------------------------------------
Test Passed.
"t_socket_dt" end time: Jan 04 19:57 CST
"t_socket_dt" time elapsed: 00:00:00
----------------------------------------------------------

End testing: Jan 04 19:57 CST
